Added Component: Designator=C1(CN-SMD-0805)
Add component (AddParameter): Name = "Value"; Value = "33pF"; VariantName = "[No Variations]"
Added Component: Designator=C2(CN-SMD-0805)
Add component (AddParameter): Name = "Value"; Value = "33pF"; VariantName = "[No Variations]"
Added Component: Designator=C3(CN-SMD-0805)
Add component (AddParameter): Name = "Value"; Value = "33pF"; VariantName = "[No Variations]"
Added Component: Designator=C4(CN-SMD-0805)
Add component (AddParameter): Name = "Value"; Value = "33pF"; VariantName = "[No Variations]"
Added Component: Designator=C5(CN-SMD-0805)
Add component (AddParameter): Name = "Value"; Value = "33pF"; VariantName = "[No Variations]"
Added Component: Designator=C6(CN-SMD-0805)
Add component (AddParameter): Name = "Value"; Value = "33pF"; VariantName = "[No Variations]"
Added Component: Designator=C7(CN-SMD-0805)
Add component (AddParameter): Name = "Value"; Value = "33pF"; VariantName = "[No Variations]"
Added Component: Designator=C8(CN-SMD-0805)
Add component (AddParameter): Name = "Value"; Value = "33pF"; VariantName = "[No Variations]"
Added Component: Designator=C9(CN-SMD-0805)
Add component (AddParameter): Name = "Value"; Value = "33pF"; VariantName = "[No Variations]"
Added Component: Designator=C10(CN-SMD-0805)
Add component (AddParameter): Name = "Value"; Value = "33pF"; VariantName = "[No Variations]"
Added Component: Designator=C11(CN-SMD-0805)
Add component (AddParameter): Name = "Value"; Value = "33pF"; VariantName = "[No Variations]"
Added Component: Designator=C12(CN-SMD-0805)
Add component (AddParameter): Name = "Value"; Value = "33pF"; VariantName = "[No Variations]"
Added Component: Designator=C13(CN-SMD-0805)
Add component (AddParameter): Name = "Value"; Value = "33pF"; VariantName = "[No Variations]"
Added Component: Designator=C14(CN-SMD-0805)
Add component (AddParameter): Name = "Value"; Value = "33pF"; VariantName = "[No Variations]"
Added Component: Designator=C15(CN-SMD-0805)
Add component (AddParameter): Name = "Value"; Value = "33pF"; VariantName = "[No Variations]"
Added Component: Designator=C16(CN-SMD-0805)
Add component (AddParameter): Name = "Value"; Value = "33pF"; VariantName = "[No Variations]"
Added Component: Designator=C17(JP2-D1T)
Add component (AddParameter): Name = "ComponentLink1 Description"; Value = "Manufacturer"; VariantName = "[No Variations]"
Add component (AddParameter): Name = "ComponentLink1URL"; Value = "http://www.we-online.com"; VariantName = "[No Variations]"
Add component (AddParameter): Name = "ComponentLink2 Description"; Value = "Datasheet"; VariantName = "[No Variations]"
Add component (AddParameter): Name = "ComponentLink2URL"; Value = "http://katalog.we-online.de/em/datasheet/6130xx143121.pdf"; VariantName = "[No Variations]"
Add component (AddParameter): Name = "Created by"; Value = "Karrer Zheng"; VariantName = "[No Variations]"
Add component (AddParameter): Name = "Created Date"; Value = "29 March 2013"; VariantName = "[No Variations]"
Add component (AddParameter): Name = "Manufacturer"; Value = "W¨¹rth Elektronik eiSos GmbH"; VariantName = "[No Variations]"
Add component (AddParameter): Name = "NoPins"; Value = "02"; VariantName = "[No Variations]"
Add component (AddParameter): Name = "partNo"; Value = "613002143121"; VariantName = "[No Variations]"
Added Component: Designator=LCD1(JP16-C1T)
Add component (AddParameter): Name = "Value"; Value = "LCD16x2A"; VariantName = "[No Variations]"
Added Component: Designator=LED1(LED-0805-Red)
Add component (AddParameter): Name = "Value"; Value = "LED 3 - 5 ly 2 Colour"; VariantName = "[No Variations]"
Added Component: Designator=R1(RES-SMD-0805)
Add component (AddParameter): Name = "Class"; Value = "Passive"; VariantName = "[No Variations]"
Add component (AddParameter): Name = "Manufacturer"; Value = "Generic Components"; VariantName = "[No Variations]"
Add component (AddParameter): Name = "Published"; Value = "08/06/2000"; VariantName = "[No Variations]"
Add component (AddParameter): Name = "Publisher"; Value = "Altium Hobart Technology Centre"; VariantName = "[No Variations]"
Added Component: Designator=R2(RES-SMD-0805)
Add component (AddParameter): Name = "Class"; Value = "Passive"; VariantName = "[No Variations]"
Add component (AddParameter): Name = "Manufacturer"; Value = "Generic Components"; VariantName = "[No Variations]"
Add component (AddParameter): Name = "Published"; Value = "08/06/2000"; VariantName = "[No Variations]"
Add component (AddParameter): Name = "Publisher"; Value = "Altium Hobart Technology Centre"; VariantName = "[No Variations]"
Added Component: Designator=R3(RES-SMD-0805)
Add component (AddParameter): Name = "Class"; Value = "Passive"; VariantName = "[No Variations]"
Add component (AddParameter): Name = "Manufacturer"; Value = "Generic Components"; VariantName = "[No Variations]"
Add component (AddParameter): Name = "Published"; Value = "08/06/2000"; VariantName = "[No Variations]"
Add component (AddParameter): Name = "Publisher"; Value = "Altium Hobart Technology Centre"; VariantName = "[No Variations]"
Added Component: Designator=R4(RES-SMD-0805)
Add component (AddParameter): Name = "Class"; Value = "Passive"; VariantName = "[No Variations]"
Add component (AddParameter): Name = "Manufacturer"; Value = "Generic Components"; VariantName = "[No Variations]"
Add component (AddParameter): Name = "Published"; Value = "08/06/2000"; VariantName = "[No Variations]"
Add component (AddParameter): Name = "Publisher"; Value = "Altium Hobart Technology Centre"; VariantName = "[No Variations]"
Added Component: Designator=R5(RES-SMD-0805)
Add component (AddParameter): Name = "Class"; Value = "Passive"; VariantName = "[No Variations]"
Add component (AddParameter): Name = "Manufacturer"; Value = "Generic Components"; VariantName = "[No Variations]"
Add component (AddParameter): Name = "Published"; Value = "08/06/2000"; VariantName = "[No Variations]"
Add component (AddParameter): Name = "Publisher"; Value = "Altium Hobart Technology Centre"; VariantName = "[No Variations]"
Added Component: Designator=R6(RES-SMD-0805)
Add component (AddParameter): Name = "Class"; Value = "Passive"; VariantName = "[No Variations]"
Add component (AddParameter): Name = "Manufacturer"; Value = "Generic Components"; VariantName = "[No Variations]"
Add component (AddParameter): Name = "Published"; Value = "08/06/2000"; VariantName = "[No Variations]"
Add component (AddParameter): Name = "Publisher"; Value = "Altium Hobart Technology Centre"; VariantName = "[No Variations]"
Added Component: Designator=R7(RES-SMD-0805)
Add component (AddParameter): Name = "Class"; Value = "Passive"; VariantName = "[No Variations]"
Add component (AddParameter): Name = "Manufacturer"; Value = "Generic Components"; VariantName = "[No Variations]"
Add component (AddParameter): Name = "Published"; Value = "08/06/2000"; VariantName = "[No Variations]"
Add component (AddParameter): Name = "Publisher"; Value = "Altium Hobart Technology Centre"; VariantName = "[No Variations]"
Added Component: Designator=R8(RES-SMD-0805)
Add component (AddParameter): Name = "Class"; Value = "Passive"; VariantName = "[No Variations]"
Add component (AddParameter): Name = "Manufacturer"; Value = "Generic Components"; VariantName = "[No Variations]"
Add component (AddParameter): Name = "Published"; Value = "08/06/2000"; VariantName = "[No Variations]"
Add component (AddParameter): Name = "Publisher"; Value = "Altium Hobart Technology Centre"; VariantName = "[No Variations]"
Added Component: Designator=R9(RES-SMD-0805)
Add component (AddParameter): Name = "Class"; Value = "Passive"; VariantName = "[No Variations]"
Add component (AddParameter): Name = "Manufacturer"; Value = "Generic Components"; VariantName = "[No Variations]"
Add component (AddParameter): Name = "Published"; Value = "08/06/2000"; VariantName = "[No Variations]"
Add component (AddParameter): Name = "Publisher"; Value = "Altium Hobart Technology Centre"; VariantName = "[No Variations]"
Added Component: Designator=STlink(JP4-C1T)
Add component (AddParameter): Name = "ComponentLink1 Description"; Value = "Manufacturer"; VariantName = "[No Variations]"
Add component (AddParameter): Name = "ComponentLink1URL"; Value = "http://www.we-online.com"; VariantName = "[No Variations]"
Add component (AddParameter): Name = "ComponentLink2 Description"; Value = "Datasheet"; VariantName = "[No Variations]"
Add component (AddParameter): Name = "ComponentLink2URL"; Value = "http://katalog.we-online.de/em/datasheet/6130xx143121.pdf"; VariantName = "[No Variations]"
Add component (AddParameter): Name = "Created by"; Value = "Karrer Zheng"; VariantName = "[No Variations]"
Add component (AddParameter): Name = "Created Date"; Value = "29 March 2013"; VariantName = "[No Variations]"
Add component (AddParameter): Name = "Manufacturer"; Value = "W¨¹rth Elektronik eiSos GmbH"; VariantName = "[No Variations]"
Add component (AddParameter): Name = "NoPins"; Value = "04"; VariantName = "[No Variations]"
Add component (AddParameter): Name = "partNo"; Value = "613004143121"; VariantName = "[No Variations]"
Added Component: Designator=SW1(SW1-SMD)
Add component (AddParameter): Name = "Value"; Value = "SW chip 2 pin"; VariantName = "[No Variations]"
Added Component: Designator=SW2(SW2-DIP)
Add component (AddParameter): Name = "Value"; Value = "SW chip 2 pin"; VariantName = "[No Variations]"
Added Component: Designator=SW3(SW2-DIP)
Add component (AddParameter): Name = "Value"; Value = "SW chip 2 pin"; VariantName = "[No Variations]"
Added Component: Designator=SW4(SW2-DIP)
Add component (AddParameter): Name = "Value"; Value = "SW chip 2 pin"; VariantName = "[No Variations]"
Added Component: Designator=SW5(SW2-DIP)
Add component (AddParameter): Name = "Value"; Value = "SW chip 2 pin"; VariantName = "[No Variations]"
Added Component: Designator=SW6(SW2-DIP)
Add component (AddParameter): Name = "Value"; Value = "SW chip 2 pin"; VariantName = "[No Variations]"
Added Component: Designator=SW7(SW2-DIP)
Add component (AddParameter): Name = "Value"; Value = "SW chip 2 pin"; VariantName = "[No Variations]"
Added Component: Designator=SW8(SW2-DIP)
Add component (AddParameter): Name = "Value"; Value = "SW chip 2 pin"; VariantName = "[No Variations]"
Added Component: Designator=SW9(SW2-DIP)
Add component (AddParameter): Name = "Value"; Value = "SW chip 2 pin"; VariantName = "[No Variations]"
Added Component: Designator=SW10(SW2-DIP)
Add component (AddParameter): Name = "Value"; Value = "SW chip 2 pin"; VariantName = "[No Variations]"
Added Component: Designator=SW11(SW2-DIP)
Add component (AddParameter): Name = "Value"; Value = "SW chip 2 pin"; VariantName = "[No Variations]"
Added Component: Designator=SW12(SW2-DIP)
Add component (AddParameter): Name = "Value"; Value = "SW chip 2 pin"; VariantName = "[No Variations]"
Added Component: Designator=SW13(SW2-DIP)
Add component (AddParameter): Name = "Value"; Value = "SW chip 2 pin"; VariantName = "[No Variations]"
Added Component: Designator=SW14(SW2-DIP)
Add component (AddParameter): Name = "Value"; Value = "SW chip 2 pin"; VariantName = "[No Variations]"
Added Component: Designator=SW15(SW2-DIP)
Add component (AddParameter): Name = "Value"; Value = "SW chip 2 pin"; VariantName = "[No Variations]"
Added Component: Designator=SW16(SW2-DIP)
Add component (AddParameter): Name = "Value"; Value = "SW chip 2 pin"; VariantName = "[No Variations]"
Added Component: Designator=SW17(SW2-DIP)
Add component (AddParameter): Name = "Value"; Value = "SW chip 2 pin"; VariantName = "[No Variations]"
Added Component: Designator=SW18(SW2-DIP)
Add component (AddParameter): Name = "Value"; Value = "SW chip 2 pin"; VariantName = "[No Variations]"
Added Component: Designator=SW19(SW2-DIP)
Add component (AddParameter): Name = "Value"; Value = "SW chip 2 pin"; VariantName = "[No Variations]"
Added Component: Designator=SW20(SW2-DIP)
Add component (AddParameter): Name = "Value"; Value = "SW chip 2 pin"; VariantName = "[No Variations]"
Added Component: Designator=SW21(SW2-DIP)
Add component (AddParameter): Name = "Value"; Value = "SW chip 2 pin"; VariantName = "[No Variations]"
Added Component: Designator=U1(QFP80P900X900X160-32N)
Add component (AddParameter): Name = "Check_prices"; Value = "https://www.snapeda.com/parts/STM32F030K6T6/STMicroelectronics/view-part/?ref=eda"; VariantName = "[No Variations]"
Add component (AddParameter): Name = "Digi-Key_Part_Number"; Value = "497-14046-ND"; VariantName = "[No Variations]"
Add component (AddParameter): Name = "MF"; Value = "STMicroelectronics"; VariantName = "[No Variations]"
Add component (AddParameter): Name = "MP"; Value = "STM32F030K6T6"; VariantName = "[No Variations]"
Add component (AddParameter): Name = "Package"; Value = "LQFP-32 STMicroelectronics"; VariantName = "[No Variations]"
Add component (AddParameter): Name = "Purchase-URL"; Value = "https://pricing.snapeda.com/search/part/STM32F030K6T6/?ref=eda"; VariantName = "[No Variations]"
Add component (AddParameter): Name = "SnapEDA_Link"; Value = "https://www.snapeda.com/parts/STM32F030K6T6/STMicroelectronics/view-part/?ref=snap"; VariantName = "[No Variations]"
Add component (AddParameter): Name = "Value"; Value = ""; VariantName = "[No Variations]"
Added Component: Designator=U2(TO220-123)
Add component (AddParameter): Name = "Creator"; Value = "Nguyen Ba Bien"; VariantName = "[No Variations]"
Add component (AddParameter): Name = "Website"; Value = "http://group3i.net"; VariantName = "[No Variations]"
Added Component: Designator=VR1(VR-S2)
Add component (AddParameter): Name = "Value"; Value = "Volume 50k"; VariantName = "[No Variations]"
Added Pin To Net: NetName=+3.3 Pin=C3-1
Added Pin To Net: NetName=+3.3 Pin=C6-2
Added Pin To Net: NetName=+3.3 Pin=LCD1-2
Added Pin To Net: NetName=+3.3 Pin=R1-1
Added Pin To Net: NetName=+3.3 Pin=R3-2
Added Pin To Net: NetName=+3.3 Pin=R4-2
Added Pin To Net: NetName=+3.3 Pin=R5-2
Added Pin To Net: NetName=+3.3 Pin=R6-2
Added Pin To Net: NetName=+3.3 Pin=R7-2
Added Pin To Net: NetName=+3.3 Pin=R8-2
Added Pin To Net: NetName=+3.3 Pin=R9-2
Added Pin To Net: NetName=+3.3 Pin=STlink-4
Added Pin To Net: NetName=+3.3 Pin=U2-2
Added Pin To Net: NetName=+3.3 Pin=VR1-3
Added Net: Name=+3.3
Added Pin To Net: NetName=+8.4 Pin=C17-2
Added Pin To Net: NetName=+8.4 Pin=U2-3
Added Net: Name=+8.4
Added Pin To Net: NetName=D4 Pin=LCD1-11
Added Pin To Net: NetName=D4 Pin=U1-14
Added Net: Name=D4
Added Pin To Net: NetName=D5 Pin=LCD1-12
Added Pin To Net: NetName=D5 Pin=U1-15
Added Net: Name=D5
Added Pin To Net: NetName=D6 Pin=LCD1-13
Added Pin To Net: NetName=D6 Pin=U1-26
Added Net: Name=D6
Added Pin To Net: NetName=D7 Pin=LCD1-14
Added Pin To Net: NetName=D7 Pin=U1-27
Added Net: Name=D7
Added Pin To Net: NetName=EN Pin=LCD1-6
Added Pin To Net: NetName=EN Pin=U1-29
Added Net: Name=EN
Added Pin To Net: NetName=GND Pin=C1-2
Added Pin To Net: NetName=GND Pin=C2-2
Added Pin To Net: NetName=GND Pin=C3-2
Added Pin To Net: NetName=GND Pin=C7-2
Added Pin To Net: NetName=GND Pin=C8-2
Added Pin To Net: NetName=GND Pin=C9-2
Added Pin To Net: NetName=GND Pin=C10-2
Added Pin To Net: NetName=GND Pin=C11-2
Added Pin To Net: NetName=GND Pin=C12-2
Added Pin To Net: NetName=GND Pin=C13-2
Added Pin To Net: NetName=GND Pin=C14-2
Added Pin To Net: NetName=GND Pin=C15-2
Added Pin To Net: NetName=GND Pin=C16-2
Added Pin To Net: NetName=GND Pin=C17-1
Added Pin To Net: NetName=GND Pin=LCD1-1
Added Pin To Net: NetName=GND Pin=LCD1-5
Added Pin To Net: NetName=GND Pin=LCD1-16
Added Pin To Net: NetName=GND Pin=R2-2
Added Pin To Net: NetName=GND Pin=STlink-3
Added Pin To Net: NetName=GND Pin=SW1-1
Added Pin To Net: NetName=GND Pin=U1-16
Added Pin To Net: NetName=GND Pin=U1-32
Added Pin To Net: NetName=GND Pin=U2-1
Added Net: Name=GND
Added Pin To Net: NetName=NetC2_1 Pin=C2-1
Added Pin To Net: NetName=NetC2_1 Pin=C4-1
Added Pin To Net: NetName=NetC2_1 Pin=C5-1
Added Pin To Net: NetName=NetC2_1 Pin=LED1-2
Added Net: Name=NetC2_1
Added Pin To Net: NetName=NetC4_2 Pin=C4-2
Added Pin To Net: NetName=NetC4_2 Pin=U1-1
Added Net: Name=NetC4_2
Added Pin To Net: NetName=NetC5_2 Pin=C5-2
Added Pin To Net: NetName=NetC5_2 Pin=U1-17
Added Net: Name=NetC5_2
Added Pin To Net: NetName=NetC6_1 Pin=C6-1
Added Pin To Net: NetName=NetC6_1 Pin=U1-5
Added Net: Name=NetC6_1
Added Pin To Net: NetName=NetC7_1 Pin=C7-1
Added Pin To Net: NetName=NetC7_1 Pin=R4-1
Added Net: Name=NetC7_1
Added Pin To Net: NetName=NetLCD1_3 Pin=LCD1-3
Added Pin To Net: NetName=NetLCD1_3 Pin=VR1-1
Added Net: Name=NetLCD1_3
Added Pin To Net: NetName=NetLCD1_15 Pin=LCD1-15
Added Pin To Net: NetName=NetLCD1_15 Pin=R1-2
Added Net: Name=NetLCD1_15
Added Pin To Net: NetName=NetLED1_1 Pin=LED1-1
Added Pin To Net: NetName=NetLED1_1 Pin=R9-1
Added Net: Name=NetLED1_1
Added Pin To Net: NetName=NetR2_1 Pin=R2-1
Added Pin To Net: NetName=NetR2_1 Pin=U1-31
Added Net: Name=NetR2_1
Added Pin To Net: NetName=NetSW11_1 Pin=SW11-1
Added Pin To Net: NetName=NetSW11_1 Pin=SW11-4
Added Net: Name=NetSW11_1
Added Pin To Net: NetName=NRST Pin=C1-1
Added Pin To Net: NetName=NRST Pin=R3-1
Added Pin To Net: NetName=NRST Pin=SW1-2
Added Pin To Net: NetName=NRST Pin=U1-4
Added Net: Name=NRST
Added Pin To Net: NetName=PA0 Pin=C12-1
Added Pin To Net: NetName=PA0 Pin=SW2-2
Added Pin To Net: NetName=PA0 Pin=SW7-2
Added Pin To Net: NetName=PA0 Pin=SW12-2
Added Pin To Net: NetName=PA0 Pin=SW17-2
Added Pin To Net: NetName=PA0 Pin=U1-6
Added Pin To Net: NetName=PA0 Pin=SW2-3
Added Pin To Net: NetName=PA0 Pin=SW7-3
Added Pin To Net: NetName=PA0 Pin=SW12-3
Added Pin To Net: NetName=PA0 Pin=SW17-3
Added Net: Name=PA0
Added Pin To Net: NetName=PA1 Pin=C8-1
Added Pin To Net: NetName=PA1 Pin=C13-1
Added Pin To Net: NetName=PA1 Pin=R5-1
Added Pin To Net: NetName=PA1 Pin=SW3-2
Added Pin To Net: NetName=PA1 Pin=SW8-2
Added Pin To Net: NetName=PA1 Pin=SW13-2
Added Pin To Net: NetName=PA1 Pin=SW18-2
Added Pin To Net: NetName=PA1 Pin=U1-7
Added Pin To Net: NetName=PA1 Pin=SW3-3
Added Pin To Net: NetName=PA1 Pin=SW8-3
Added Pin To Net: NetName=PA1 Pin=SW13-3
Added Pin To Net: NetName=PA1 Pin=SW18-3
Added Net: Name=PA1
Added Pin To Net: NetName=PA2 Pin=C9-1
Added Pin To Net: NetName=PA2 Pin=C14-1
Added Pin To Net: NetName=PA2 Pin=R6-1
Added Pin To Net: NetName=PA2 Pin=SW4-2
Added Pin To Net: NetName=PA2 Pin=SW9-2
Added Pin To Net: NetName=PA2 Pin=SW14-2
Added Pin To Net: NetName=PA2 Pin=SW19-2
Added Pin To Net: NetName=PA2 Pin=U1-8
Added Pin To Net: NetName=PA2 Pin=SW4-3
Added Pin To Net: NetName=PA2 Pin=SW9-3
Added Pin To Net: NetName=PA2 Pin=SW14-3
Added Pin To Net: NetName=PA2 Pin=SW19-3
Added Net: Name=PA2
Added Pin To Net: NetName=PA3 Pin=C10-1
Added Pin To Net: NetName=PA3 Pin=C15-1
Added Pin To Net: NetName=PA3 Pin=R7-1
Added Pin To Net: NetName=PA3 Pin=SW5-2
Added Pin To Net: NetName=PA3 Pin=SW10-2
Added Pin To Net: NetName=PA3 Pin=SW15-2
Added Pin To Net: NetName=PA3 Pin=SW20-2
Added Pin To Net: NetName=PA3 Pin=U1-9
Added Pin To Net: NetName=PA3 Pin=SW5-3
Added Pin To Net: NetName=PA3 Pin=SW10-3
Added Pin To Net: NetName=PA3 Pin=SW15-3
Added Pin To Net: NetName=PA3 Pin=SW20-3
Added Net: Name=PA3
Added Pin To Net: NetName=PA4 Pin=C11-1
Added Pin To Net: NetName=PA4 Pin=C16-1
Added Pin To Net: NetName=PA4 Pin=R8-1
Added Pin To Net: NetName=PA4 Pin=SW6-2
Added Pin To Net: NetName=PA4 Pin=SW11-2
Added Pin To Net: NetName=PA4 Pin=SW16-2
Added Pin To Net: NetName=PA4 Pin=SW21-2
Added Pin To Net: NetName=PA4 Pin=U1-10
Added Pin To Net: NetName=PA4 Pin=SW6-3
Added Pin To Net: NetName=PA4 Pin=SW11-3
Added Pin To Net: NetName=PA4 Pin=SW16-3
Added Pin To Net: NetName=PA4 Pin=SW21-3
Added Net: Name=PA4
Added Pin To Net: NetName=PA5 Pin=SW2-1
Added Pin To Net: NetName=PA5 Pin=SW3-1
Added Pin To Net: NetName=PA5 Pin=SW4-1
Added Pin To Net: NetName=PA5 Pin=SW5-1
Added Pin To Net: NetName=PA5 Pin=SW6-1
Added Pin To Net: NetName=PA5 Pin=U1-11
Added Pin To Net: NetName=PA5 Pin=SW2-4
Added Pin To Net: NetName=PA5 Pin=SW3-4
Added Pin To Net: NetName=PA5 Pin=SW4-4
Added Pin To Net: NetName=PA5 Pin=SW5-4
Added Pin To Net: NetName=PA5 Pin=SW6-4
Added Net: Name=PA5
Added Pin To Net: NetName=PA6 Pin=SW7-1
Added Pin To Net: NetName=PA6 Pin=SW8-1
Added Pin To Net: NetName=PA6 Pin=SW9-1
Added Pin To Net: NetName=PA6 Pin=SW10-1
Added Pin To Net: NetName=PA6 Pin=U1-12
Added Pin To Net: NetName=PA6 Pin=SW7-4
Added Pin To Net: NetName=PA6 Pin=SW8-4
Added Pin To Net: NetName=PA6 Pin=SW9-4
Added Pin To Net: NetName=PA6 Pin=SW10-4
Added Net: Name=PA6
Added Pin To Net: NetName=PA7 Pin=SW12-1
Added Pin To Net: NetName=PA7 Pin=SW13-1
Added Pin To Net: NetName=PA7 Pin=SW14-1
Added Pin To Net: NetName=PA7 Pin=SW15-1
Added Pin To Net: NetName=PA7 Pin=SW16-1
Added Pin To Net: NetName=PA7 Pin=U1-13
Added Pin To Net: NetName=PA7 Pin=SW12-4
Added Pin To Net: NetName=PA7 Pin=SW13-4
Added Pin To Net: NetName=PA7 Pin=SW14-4
Added Pin To Net: NetName=PA7 Pin=SW15-4
Added Pin To Net: NetName=PA7 Pin=SW16-4
Added Net: Name=PA7
Added Pin To Net: NetName=PA8 Pin=SW17-1
Added Pin To Net: NetName=PA8 Pin=SW18-1
Added Pin To Net: NetName=PA8 Pin=SW19-1
Added Pin To Net: NetName=PA8 Pin=SW20-1
Added Pin To Net: NetName=PA8 Pin=SW21-1
Added Pin To Net: NetName=PA8 Pin=U1-18
Added Pin To Net: NetName=PA8 Pin=SW17-4
Added Pin To Net: NetName=PA8 Pin=SW18-4
Added Pin To Net: NetName=PA8 Pin=SW19-4
Added Pin To Net: NetName=PA8 Pin=SW20-4
Added Pin To Net: NetName=PA8 Pin=SW21-4
Added Net: Name=PA8
Added Pin To Net: NetName=RS Pin=LCD1-4
Added Pin To Net: NetName=RS Pin=U1-28
Added Net: Name=RS
Added Pin To Net: NetName=SWCLK Pin=STlink-1
Added Pin To Net: NetName=SWCLK Pin=U1-24
Added Net: Name=SWCLK
Added Pin To Net: NetName=SWDIO Pin=STlink-2
Added Pin To Net: NetName=SWDIO Pin=U1-23
Added Net: Name=SWDIO
Added Class: Name=casio
Added Rule: Name=Schematic Supply Nets
Added Rule: Name=Schematic Supply Nets_1
Added Rule: Name=Schematic Supply Nets_2
