Added Component: Designator=C1(CN-SMD-0805)
Add component (AddParameter): Name = "Value"; Value = "33pF"; VariantName = "[No Variations]"
Added Component: Designator=C2(CN-SMD-0805)
Add component (AddParameter): Name = "Value"; Value = "33pF"; VariantName = "[No Variations]"
Added Component: Designator=C3(CN-SMD-0805)
Add component (AddParameter): Name = "Value"; Value = "33pF"; VariantName = "[No Variations]"
Added Component: Designator=C4(CN-SMD-0805)
Add component (AddParameter): Name = "Value"; Value = "33pF"; VariantName = "[No Variations]"
Added Component: Designator=C5(CN-SMD-0805)
Add component (AddParameter): Name = "Value"; Value = "33pF"; VariantName = "[No Variations]"
Added Component: Designator=C6(CN-SMD-0805)
Add component (AddParameter): Name = "Value"; Value = "33pF"; VariantName = "[No Variations]"
Added Component: Designator=C7(CN-SMD-0805)
Add component (AddParameter): Name = "Value"; Value = "33pF"; VariantName = "[No Variations]"
Added Component: Designator=C8(CN-SMD-0805)
Add component (AddParameter): Name = "Value"; Value = "33pF"; VariantName = "[No Variations]"
Added Component: Designator=C9(CN-SMD-0805)
Add component (AddParameter): Name = "Value"; Value = "33pF"; VariantName = "[No Variations]"
Added Component: Designator=C10(CN-SMD-0805)
Add component (AddParameter): Name = "Value"; Value = "33pF"; VariantName = "[No Variations]"
Added Component: Designator=C11(CN-SMD-0805)
Add component (AddParameter): Name = "Value"; Value = "33pF"; VariantName = "[No Variations]"
Added Component: Designator=C12(CN-SMD-0805)
Add component (AddParameter): Name = "Value"; Value = "33pF"; VariantName = "[No Variations]"
Added Component: Designator=C13(CAP-ALU-SMD-5.5x5.5)
Add component (AddParameter): Name = "LatestRevisionDate"; Value = "17-Jul-2002"; VariantName = "[No Variations]"
Add component (AddParameter): Name = "LatestRevisionNote"; Value = "Re-released for DXP Platform."; VariantName = "[No Variations]"
Add component (AddParameter): Name = "PackageReference"; Value = "POLAR0.8"; VariantName = "[No Variations]"
Add component (AddParameter): Name = "Published"; Value = "8-Jun-2000"; VariantName = "[No Variations]"
Add component (AddParameter): Name = "Publisher"; Value = "Altium Limited"; VariantName = "[No Variations]"
Added Component: Designator=C14(CAP-ALU-SMD-5.5x5.5)
Add component (AddParameter): Name = "LatestRevisionDate"; Value = "17-Jul-2002"; VariantName = "[No Variations]"
Add component (AddParameter): Name = "LatestRevisionNote"; Value = "Re-released for DXP Platform."; VariantName = "[No Variations]"
Add component (AddParameter): Name = "PackageReference"; Value = "POLAR0.8"; VariantName = "[No Variations]"
Add component (AddParameter): Name = "Published"; Value = "8-Jun-2000"; VariantName = "[No Variations]"
Add component (AddParameter): Name = "Publisher"; Value = "Altium Limited"; VariantName = "[No Variations]"
Added Component: Designator=C17(JP2-D1T)
Add component (AddParameter): Name = "ComponentLink1 Description"; Value = "Manufacturer"; VariantName = "[No Variations]"
Add component (AddParameter): Name = "ComponentLink1URL"; Value = "http://www.we-online.com"; VariantName = "[No Variations]"
Add component (AddParameter): Name = "ComponentLink2 Description"; Value = "Datasheet"; VariantName = "[No Variations]"
Add component (AddParameter): Name = "ComponentLink2URL"; Value = "http://katalog.we-online.de/em/datasheet/6130xx143121.pdf"; VariantName = "[No Variations]"
Add component (AddParameter): Name = "Created by"; Value = "Karrer Zheng"; VariantName = "[No Variations]"
Add component (AddParameter): Name = "Created Date"; Value = "29 March 2013"; VariantName = "[No Variations]"
Add component (AddParameter): Name = "Manufacturer"; Value = "W¨¹rth Elektronik eiSos GmbH"; VariantName = "[No Variations]"
Add component (AddParameter): Name = "NoPins"; Value = "02"; VariantName = "[No Variations]"
Add component (AddParameter): Name = "partNo"; Value = "613002143121"; VariantName = "[No Variations]"
Added Component: Designator=LCD1(LCD16X2)
Add component (AddParameter): Name = "Value"; Value = "LCD16x2A"; VariantName = "[No Variations]"
Added Component: Designator=LED1(LED-0805-Red)
Add component (AddParameter): Name = "Value"; Value = "LED 3 - 5 ly 2 Colour"; VariantName = "[No Variations]"
Added Component: Designator=R1(RES-SMD-0805)
Add component (AddParameter): Name = "Class"; Value = "Passive"; VariantName = "[No Variations]"
Add component (AddParameter): Name = "Manufacturer"; Value = "Generic Components"; VariantName = "[No Variations]"
Add component (AddParameter): Name = "Published"; Value = "08/06/2000"; VariantName = "[No Variations]"
Add component (AddParameter): Name = "Publisher"; Value = "Altium Hobart Technology Centre"; VariantName = "[No Variations]"
Added Component: Designator=R2(RES-SMD-0805)
Add component (AddParameter): Name = "Class"; Value = "Passive"; VariantName = "[No Variations]"
Add component (AddParameter): Name = "Manufacturer"; Value = "Generic Components"; VariantName = "[No Variations]"
Add component (AddParameter): Name = "Published"; Value = "08/06/2000"; VariantName = "[No Variations]"
Add component (AddParameter): Name = "Publisher"; Value = "Altium Hobart Technology Centre"; VariantName = "[No Variations]"
Added Component: Designator=R3(RES-SMD-0805)
Add component (AddParameter): Name = "Class"; Value = "Passive"; VariantName = "[No Variations]"
Add component (AddParameter): Name = "Manufacturer"; Value = "Generic Components"; VariantName = "[No Variations]"
Add component (AddParameter): Name = "Published"; Value = "08/06/2000"; VariantName = "[No Variations]"
Add component (AddParameter): Name = "Publisher"; Value = "Altium Hobart Technology Centre"; VariantName = "[No Variations]"
Added Component: Designator=R4(RES-SMD-0805)
Add component (AddParameter): Name = "Class"; Value = "Passive"; VariantName = "[No Variations]"
Add component (AddParameter): Name = "Manufacturer"; Value = "Generic Components"; VariantName = "[No Variations]"
Add component (AddParameter): Name = "Published"; Value = "08/06/2000"; VariantName = "[No Variations]"
Add component (AddParameter): Name = "Publisher"; Value = "Altium Hobart Technology Centre"; VariantName = "[No Variations]"
Added Component: Designator=STlink(JP4-C1T)
Add component (AddParameter): Name = "ComponentLink1 Description"; Value = "Manufacturer"; VariantName = "[No Variations]"
Add component (AddParameter): Name = "ComponentLink1URL"; Value = "http://www.we-online.com"; VariantName = "[No Variations]"
Add component (AddParameter): Name = "ComponentLink2 Description"; Value = "Datasheet"; VariantName = "[No Variations]"
Add component (AddParameter): Name = "ComponentLink2URL"; Value = "http://katalog.we-online.de/em/datasheet/6130xx143121.pdf"; VariantName = "[No Variations]"
Add component (AddParameter): Name = "Created by"; Value = "Karrer Zheng"; VariantName = "[No Variations]"
Add component (AddParameter): Name = "Created Date"; Value = "29 March 2013"; VariantName = "[No Variations]"
Add component (AddParameter): Name = "Manufacturer"; Value = "W¨¹rth Elektronik eiSos GmbH"; VariantName = "[No Variations]"
Add component (AddParameter): Name = "NoPins"; Value = "04"; VariantName = "[No Variations]"
Add component (AddParameter): Name = "partNo"; Value = "613004143121"; VariantName = "[No Variations]"
Added Component: Designator=SW1(SW1-SMD)
Add component (AddParameter): Name = "Value"; Value = "SW chip 2 pin"; VariantName = "[No Variations]"
Added Component: Designator=SW2(SW1-DIP-12x12x8-Black)
Add component (AddParameter): Name = "Value"; Value = "SW chip 2 pin"; VariantName = "[No Variations]"
Added Component: Designator=SW3(SW1-DIP-12x12x8-Black)
Add component (AddParameter): Name = "Value"; Value = "SW chip 2 pin"; VariantName = "[No Variations]"
Added Component: Designator=SW4(SW1-DIP-12x12x8-Black)
Add component (AddParameter): Name = "Value"; Value = "SW chip 2 pin"; VariantName = "[No Variations]"
Added Component: Designator=SW5(SW1-DIP-12x12x8-Black)
Add component (AddParameter): Name = "Value"; Value = "SW chip 2 pin"; VariantName = "[No Variations]"
Added Component: Designator=SW6(SW1-DIP-12x12x8-Black)
Add component (AddParameter): Name = "Value"; Value = "SW chip 2 pin"; VariantName = "[No Variations]"
Added Component: Designator=SW7(SW1-DIP-12x12x8-Black)
Add component (AddParameter): Name = "Value"; Value = "SW chip 2 pin"; VariantName = "[No Variations]"
Added Component: Designator=SW8(SW1-DIP-12x12x8-Black)
Add component (AddParameter): Name = "Value"; Value = "SW chip 2 pin"; VariantName = "[No Variations]"
Added Component: Designator=SW9(SW1-DIP-12x12x8-Black)
Add component (AddParameter): Name = "Value"; Value = "SW chip 2 pin"; VariantName = "[No Variations]"
Added Component: Designator=SW10(SW1-DIP-12x12x8-Black)
Add component (AddParameter): Name = "Value"; Value = "SW chip 2 pin"; VariantName = "[No Variations]"
Added Component: Designator=SW11(SW1-DIP-12x12x8-Black)
Add component (AddParameter): Name = "Value"; Value = "SW chip 2 pin"; VariantName = "[No Variations]"
Added Component: Designator=SW12(SW1-DIP-12x12x8-Black)
Add component (AddParameter): Name = "Value"; Value = "SW chip 2 pin"; VariantName = "[No Variations]"
Added Component: Designator=SW13(SW1-DIP-12x12x8-Black)
Add component (AddParameter): Name = "Value"; Value = "SW chip 2 pin"; VariantName = "[No Variations]"
Added Component: Designator=SW14(SW1-DIP-12x12x8-Black)
Add component (AddParameter): Name = "Value"; Value = "SW chip 2 pin"; VariantName = "[No Variations]"
Added Component: Designator=SW15(SW1-DIP-12x12x8-Black)
Add component (AddParameter): Name = "Value"; Value = "SW chip 2 pin"; VariantName = "[No Variations]"
Added Component: Designator=SW16(SW1-DIP-12x12x8-Black)
Add component (AddParameter): Name = "Value"; Value = "SW chip 2 pin"; VariantName = "[No Variations]"
Added Component: Designator=SW17(SW1-DIP-12x12x8-Black)
Add component (AddParameter): Name = "Value"; Value = "SW chip 2 pin"; VariantName = "[No Variations]"
Added Component: Designator=SW18(SW1-DIP-12x12x8-Black)
Add component (AddParameter): Name = "Value"; Value = "SW chip 2 pin"; VariantName = "[No Variations]"
Added Component: Designator=SW19(SW1-DIP-12x12x8-Black)
Add component (AddParameter): Name = "Value"; Value = "SW chip 2 pin"; VariantName = "[No Variations]"
Added Component: Designator=SW20(SW1-DIP-12x12x8-Black)
Add component (AddParameter): Name = "Value"; Value = "SW chip 2 pin"; VariantName = "[No Variations]"
Added Component: Designator=SW21(SW1-DIP-12x12x8-Black)
Add component (AddParameter): Name = "Value"; Value = "SW chip 2 pin"; VariantName = "[No Variations]"
Added Component: Designator=U1(QFP80P900X900X160-32N)
Add component (AddParameter): Name = "Check_prices"; Value = "https://www.snapeda.com/parts/STM32F030K6T6/STMicroelectronics/view-part/?ref=eda"; VariantName = "[No Variations]"
Add component (AddParameter): Name = "Digi-Key_Part_Number"; Value = "497-14046-ND"; VariantName = "[No Variations]"
Add component (AddParameter): Name = "MF"; Value = "STMicroelectronics"; VariantName = "[No Variations]"
Add component (AddParameter): Name = "MP"; Value = "STM32F030K6T6"; VariantName = "[No Variations]"
Add component (AddParameter): Name = "Package"; Value = "LQFP-32 STMicroelectronics"; VariantName = "[No Variations]"
Add component (AddParameter): Name = "Purchase-URL"; Value = "https://pricing.snapeda.com/search/part/STM32F030K6T6/?ref=eda"; VariantName = "[No Variations]"
Add component (AddParameter): Name = "SnapEDA_Link"; Value = "https://www.snapeda.com/parts/STM32F030K6T6/STMicroelectronics/view-part/?ref=snap"; VariantName = "[No Variations]"
Add component (AddParameter): Name = "Value"; Value = ""; VariantName = "[No Variations]"
Added Component: Designator=U2(SOT223)
Add component (AddParameter): Name = "Creator"; Value = "Nguyen Ba Bien"; VariantName = "[No Variations]"
Add component (AddParameter): Name = "Website"; Value = "http://group3i.net"; VariantName = "[No Variations]"
Added Component: Designator=VR1(VR-S2)
Add component (AddParameter): Name = "Value"; Value = "Volume 50k"; VariantName = "[No Variations]"
Added Pin To Net: NetName=+3.3 Pin=C2-1
Added Pin To Net: NetName=+3.3 Pin=C3-1
Added Pin To Net: NetName=+3.3 Pin=C4-1
Added Pin To Net: NetName=+3.3 Pin=C5-1
Added Pin To Net: NetName=+3.3 Pin=C12-1
Added Pin To Net: NetName=+3.3 Pin=C14-1
Added Pin To Net: NetName=+3.3 Pin=LCD1-2
Added Pin To Net: NetName=+3.3 Pin=R1-1
Added Pin To Net: NetName=+3.3 Pin=R3-2
Added Pin To Net: NetName=+3.3 Pin=R4-2
Added Pin To Net: NetName=+3.3 Pin=STlink-3
Added Pin To Net: NetName=+3.3 Pin=U1-1
Added Pin To Net: NetName=+3.3 Pin=U1-5
Added Pin To Net: NetName=+3.3 Pin=U1-17
Added Pin To Net: NetName=+3.3 Pin=U2-2
Added Pin To Net: NetName=+3.3 Pin=VR1-1
Added Net: Name=+3.3
Added Pin To Net: NetName=+6 Pin=C6-1
Added Pin To Net: NetName=+6 Pin=C13-1
Added Pin To Net: NetName=+6 Pin=C17-2
Added Pin To Net: NetName=+6 Pin=U2-3
Added Net: Name=+6
Added Pin To Net: NetName=D4 Pin=LCD1-11
Added Pin To Net: NetName=D4 Pin=U1-11
Added Net: Name=D4
Added Pin To Net: NetName=D5 Pin=LCD1-12
Added Pin To Net: NetName=D5 Pin=U1-12
Added Net: Name=D5
Added Pin To Net: NetName=D6 Pin=LCD1-13
Added Pin To Net: NetName=D6 Pin=U1-13
Added Net: Name=D6
Added Pin To Net: NetName=D7 Pin=LCD1-14
Added Pin To Net: NetName=D7 Pin=U1-14
Added Net: Name=D7
Added Pin To Net: NetName=EN Pin=LCD1-6
Added Pin To Net: NetName=EN Pin=U1-10
Added Net: Name=EN
Added Pin To Net: NetName=GND Pin=C1-2
Added Pin To Net: NetName=GND Pin=C2-2
Added Pin To Net: NetName=GND Pin=C3-2
Added Pin To Net: NetName=GND Pin=C4-2
Added Pin To Net: NetName=GND Pin=C5-2
Added Pin To Net: NetName=GND Pin=C6-2
Added Pin To Net: NetName=GND Pin=C7-2
Added Pin To Net: NetName=GND Pin=C8-2
Added Pin To Net: NetName=GND Pin=C9-2
Added Pin To Net: NetName=GND Pin=C10-2
Added Pin To Net: NetName=GND Pin=C11-2
Added Pin To Net: NetName=GND Pin=C12-2
Added Pin To Net: NetName=GND Pin=C13-2
Added Pin To Net: NetName=GND Pin=C14-2
Added Pin To Net: NetName=GND Pin=C17-1
Added Pin To Net: NetName=GND Pin=LCD1-1
Added Pin To Net: NetName=GND Pin=LCD1-5
Added Pin To Net: NetName=GND Pin=LCD1-16
Added Pin To Net: NetName=GND Pin=LED1-2
Added Pin To Net: NetName=GND Pin=R2-2
Added Pin To Net: NetName=GND Pin=STlink-4
Added Pin To Net: NetName=GND Pin=SW1-1
Added Pin To Net: NetName=GND Pin=U1-16
Added Pin To Net: NetName=GND Pin=U1-32
Added Pin To Net: NetName=GND Pin=U2-1
Added Pin To Net: NetName=GND Pin=VR1-3
Added Net: Name=GND
Added Pin To Net: NetName=NetLCD1_3 Pin=LCD1-3
Added Pin To Net: NetName=NetLCD1_3 Pin=VR1-2
Added Net: Name=NetLCD1_3
Added Pin To Net: NetName=NetLCD1_15 Pin=LCD1-15
Added Pin To Net: NetName=NetLCD1_15 Pin=R1-2
Added Net: Name=NetLCD1_15
Added Pin To Net: NetName=NetLED1_1 Pin=LED1-1
Added Pin To Net: NetName=NetLED1_1 Pin=R4-1
Added Net: Name=NetLED1_1
Added Pin To Net: NetName=NetR2_1 Pin=R2-1
Added Pin To Net: NetName=NetR2_1 Pin=U1-31
Added Net: Name=NetR2_1
Added Pin To Net: NetName=NRST Pin=C1-1
Added Pin To Net: NetName=NRST Pin=R3-1
Added Pin To Net: NetName=NRST Pin=SW1-2
Added Pin To Net: NetName=NRST Pin=U1-4
Added Net: Name=NRST
Added Pin To Net: NetName=PA0 Pin=C7-1
Added Pin To Net: NetName=PA0 Pin=SW2-2
Added Pin To Net: NetName=PA0 Pin=SW2-2
Added Pin To Net: NetName=PA0 Pin=SW7-2
Added Pin To Net: NetName=PA0 Pin=SW7-2
Added Pin To Net: NetName=PA0 Pin=SW12-2
Added Pin To Net: NetName=PA0 Pin=SW12-2
Added Pin To Net: NetName=PA0 Pin=SW17-2
Added Pin To Net: NetName=PA0 Pin=SW17-2
Added Pin To Net: NetName=PA0 Pin=U1-30
Added Net: Name=PA0
Added Pin To Net: NetName=PA1 Pin=C8-1
Added Pin To Net: NetName=PA1 Pin=SW3-2
Added Pin To Net: NetName=PA1 Pin=SW3-2
Added Pin To Net: NetName=PA1 Pin=SW8-2
Added Pin To Net: NetName=PA1 Pin=SW8-2
Added Pin To Net: NetName=PA1 Pin=SW13-2
Added Pin To Net: NetName=PA1 Pin=SW13-2
Added Pin To Net: NetName=PA1 Pin=SW18-2
Added Pin To Net: NetName=PA1 Pin=SW18-2
Added Pin To Net: NetName=PA1 Pin=U1-29
Added Net: Name=PA1
Added Pin To Net: NetName=PA2 Pin=C9-1
Added Pin To Net: NetName=PA2 Pin=SW4-2
Added Pin To Net: NetName=PA2 Pin=SW4-2
Added Pin To Net: NetName=PA2 Pin=SW9-2
Added Pin To Net: NetName=PA2 Pin=SW9-2
Added Pin To Net: NetName=PA2 Pin=SW14-2
Added Pin To Net: NetName=PA2 Pin=SW14-2
Added Pin To Net: NetName=PA2 Pin=SW19-2
Added Pin To Net: NetName=PA2 Pin=SW19-2
Added Pin To Net: NetName=PA2 Pin=U1-28
Added Net: Name=PA2
Added Pin To Net: NetName=PA3 Pin=C10-1
Added Pin To Net: NetName=PA3 Pin=SW5-2
Added Pin To Net: NetName=PA3 Pin=SW5-2
Added Pin To Net: NetName=PA3 Pin=SW10-2
Added Pin To Net: NetName=PA3 Pin=SW10-2
Added Pin To Net: NetName=PA3 Pin=SW15-2
Added Pin To Net: NetName=PA3 Pin=SW15-2
Added Pin To Net: NetName=PA3 Pin=SW20-2
Added Pin To Net: NetName=PA3 Pin=SW20-2
Added Pin To Net: NetName=PA3 Pin=U1-27
Added Net: Name=PA3
Added Pin To Net: NetName=PA4 Pin=C11-1
Added Pin To Net: NetName=PA4 Pin=SW6-2
Added Pin To Net: NetName=PA4 Pin=SW6-2
Added Pin To Net: NetName=PA4 Pin=SW11-2
Added Pin To Net: NetName=PA4 Pin=SW11-2
Added Pin To Net: NetName=PA4 Pin=SW16-2
Added Pin To Net: NetName=PA4 Pin=SW16-2
Added Pin To Net: NetName=PA4 Pin=SW21-2
Added Pin To Net: NetName=PA4 Pin=SW21-2
Added Pin To Net: NetName=PA4 Pin=U1-26
Added Net: Name=PA4
Added Pin To Net: NetName=PA5 Pin=SW2-1
Added Pin To Net: NetName=PA5 Pin=SW2-1
Added Pin To Net: NetName=PA5 Pin=SW3-1
Added Pin To Net: NetName=PA5 Pin=SW3-1
Added Pin To Net: NetName=PA5 Pin=SW4-1
Added Pin To Net: NetName=PA5 Pin=SW4-1
Added Pin To Net: NetName=PA5 Pin=SW5-1
Added Pin To Net: NetName=PA5 Pin=SW5-1
Added Pin To Net: NetName=PA5 Pin=SW6-1
Added Pin To Net: NetName=PA5 Pin=SW6-1
Added Pin To Net: NetName=PA5 Pin=U1-25
Added Net: Name=PA5
Added Pin To Net: NetName=PA6 Pin=SW7-1
Added Pin To Net: NetName=PA6 Pin=SW7-1
Added Pin To Net: NetName=PA6 Pin=SW8-1
Added Pin To Net: NetName=PA6 Pin=SW8-1
Added Pin To Net: NetName=PA6 Pin=SW9-1
Added Pin To Net: NetName=PA6 Pin=SW9-1
Added Pin To Net: NetName=PA6 Pin=SW10-1
Added Pin To Net: NetName=PA6 Pin=SW10-1
Added Pin To Net: NetName=PA6 Pin=SW11-1
Added Pin To Net: NetName=PA6 Pin=SW11-1
Added Pin To Net: NetName=PA6 Pin=U1-6
Added Net: Name=PA6
Added Pin To Net: NetName=PA7 Pin=SW12-1
Added Pin To Net: NetName=PA7 Pin=SW12-1
Added Pin To Net: NetName=PA7 Pin=SW13-1
Added Pin To Net: NetName=PA7 Pin=SW13-1
Added Pin To Net: NetName=PA7 Pin=SW14-1
Added Pin To Net: NetName=PA7 Pin=SW14-1
Added Pin To Net: NetName=PA7 Pin=SW15-1
Added Pin To Net: NetName=PA7 Pin=SW15-1
Added Pin To Net: NetName=PA7 Pin=SW16-1
Added Pin To Net: NetName=PA7 Pin=SW16-1
Added Pin To Net: NetName=PA7 Pin=U1-7
Added Net: Name=PA7
Added Pin To Net: NetName=PA8 Pin=SW17-1
Added Pin To Net: NetName=PA8 Pin=SW17-1
Added Pin To Net: NetName=PA8 Pin=SW18-1
Added Pin To Net: NetName=PA8 Pin=SW18-1
Added Pin To Net: NetName=PA8 Pin=SW19-1
Added Pin To Net: NetName=PA8 Pin=SW19-1
Added Pin To Net: NetName=PA8 Pin=SW20-1
Added Pin To Net: NetName=PA8 Pin=SW20-1
Added Pin To Net: NetName=PA8 Pin=SW21-1
Added Pin To Net: NetName=PA8 Pin=SW21-1
Added Pin To Net: NetName=PA8 Pin=U1-8
Added Net: Name=PA8
Added Pin To Net: NetName=RS Pin=LCD1-4
Added Pin To Net: NetName=RS Pin=U1-9
Added Net: Name=RS
Added Pin To Net: NetName=SWCLK Pin=STlink-1
Added Pin To Net: NetName=SWCLK Pin=U1-24
Added Net: Name=SWCLK
Added Pin To Net: NetName=SWDIO Pin=STlink-2
Added Pin To Net: NetName=SWDIO Pin=U1-23
Added Net: Name=SWDIO
Added Member To Class: ClassName=casio Member=Component C1 0.1u
Added Member To Class: ClassName=casio Member=Component C2 100u
Added Member To Class: ClassName=casio Member=Component C3 0.1u
Added Member To Class: ClassName=casio Member=Component C4 100u
Added Member To Class: ClassName=casio Member=Component C5 4.7u
Added Member To Class: ClassName=casio Member=Component C6 0.1u
Added Member To Class: ClassName=casio Member=Component C7 0.1u
Added Member To Class: ClassName=casio Member=Component C8 0.1u
Added Member To Class: ClassName=casio Member=Component C9 0.1u
Added Member To Class: ClassName=casio Member=Component C10 0.1u
Added Member To Class: ClassName=casio Member=Component C11 0.1u
Added Member To Class: ClassName=casio Member=Component C12 0.1u
Added Member To Class: ClassName=casio Member=Component C13 10u
Added Member To Class: ClassName=casio Member=Component C14 10u
Added Member To Class: ClassName=casio Member=Component C17 JP2
Added Member To Class: ClassName=casio Member=Component LCD1 LCD 16x2A
Added Member To Class: ClassName=casio Member=Component LED1 LED
Added Member To Class: ClassName=casio Member=Component R1 Res
Added Member To Class: ClassName=casio Member=Component R2 10k
Added Member To Class: ClassName=casio Member=Component R3 10k
Added Member To Class: ClassName=casio Member=Component R4 1k
Added Member To Class: ClassName=casio Member=Component STlink JP4
Added Member To Class: ClassName=casio Member=Component SW1 SW
Added Member To Class: ClassName=casio Member=Component SW2 SW
Added Member To Class: ClassName=casio Member=Component SW3 SW
Added Member To Class: ClassName=casio Member=Component SW4 SW
Added Member To Class: ClassName=casio Member=Component SW5 SW
Added Member To Class: ClassName=casio Member=Component SW6 SW
Added Member To Class: ClassName=casio Member=Component SW7 SW
Added Member To Class: ClassName=casio Member=Component SW8 SW
Added Member To Class: ClassName=casio Member=Component SW9 SW
Added Member To Class: ClassName=casio Member=Component SW10 SW
Added Member To Class: ClassName=casio Member=Component SW11 SW
Added Member To Class: ClassName=casio Member=Component SW12 SW
Added Member To Class: ClassName=casio Member=Component SW13 SW
Added Member To Class: ClassName=casio Member=Component SW14 SW
Added Member To Class: ClassName=casio Member=Component SW15 SW
Added Member To Class: ClassName=casio Member=Component SW16 SW
Added Member To Class: ClassName=casio Member=Component SW17 SW
Added Member To Class: ClassName=casio Member=Component SW18 SW
Added Member To Class: ClassName=casio Member=Component SW19 SW
Added Member To Class: ClassName=casio Member=Component SW20 SW
Added Member To Class: ClassName=casio Member=Component SW21 SW
Added Member To Class: ClassName=casio Member=Component U1 STM32F030K6T6
Added Member To Class: ClassName=casio Member=Component U2 LM1117-3.3V
Added Member To Class: ClassName=casio Member=Component VR1 10k
