Removed Pin From Net: NetName=PA0 Pin=C7-1
Removed Pin From Net: NetName=PA0 Pin=C8-1
Removed Pin From Net: NetName=PA0 Pin=C9-1
Removed Pin From Net: NetName=PA0 Pin=C10-1
Removed Pin From Net: NetName=PA0 Pin=C11-1
Removed Pin From Net: NetName=PA0 Pin=SW2-2
Removed Pin From Net: NetName=PA0 Pin=SW2-3
Removed Pin From Net: NetName=PA0 Pin=SW3-2
Removed Pin From Net: NetName=PA0 Pin=SW3-3
Removed Pin From Net: NetName=PA0 Pin=SW4-2
Removed Pin From Net: NetName=PA0 Pin=SW4-3
Removed Pin From Net: NetName=PA0 Pin=SW5-2
Removed Pin From Net: NetName=PA0 Pin=SW5-3
Removed Pin From Net: NetName=PA0 Pin=SW6-2
Removed Pin From Net: NetName=PA0 Pin=SW6-3
Removed Pin From Net: NetName=PA0 Pin=SW7-2
Removed Pin From Net: NetName=PA0 Pin=SW7-3
Removed Pin From Net: NetName=PA0 Pin=SW8-2
Removed Pin From Net: NetName=PA0 Pin=SW8-3
Removed Pin From Net: NetName=PA0 Pin=SW9-2
Removed Pin From Net: NetName=PA0 Pin=SW9-3
Removed Pin From Net: NetName=PA0 Pin=SW10-2
Removed Pin From Net: NetName=PA0 Pin=SW10-3
Removed Pin From Net: NetName=PA0 Pin=SW11-2
Removed Pin From Net: NetName=PA0 Pin=SW11-3
Removed Pin From Net: NetName=PA0 Pin=SW12-2
Removed Pin From Net: NetName=PA0 Pin=SW12-3
Removed Pin From Net: NetName=PA0 Pin=SW13-2
Removed Pin From Net: NetName=PA0 Pin=SW13-3
Removed Pin From Net: NetName=PA0 Pin=SW14-2
Removed Pin From Net: NetName=PA0 Pin=SW14-3
Removed Pin From Net: NetName=PA0 Pin=SW15-2
Removed Pin From Net: NetName=PA0 Pin=SW15-3
Removed Pin From Net: NetName=PA0 Pin=SW16-2
Removed Pin From Net: NetName=PA0 Pin=SW16-3
Removed Pin From Net: NetName=PA0 Pin=SW17-2
Removed Pin From Net: NetName=PA0 Pin=SW17-3
Removed Pin From Net: NetName=PA0 Pin=SW18-2
Removed Pin From Net: NetName=PA0 Pin=SW18-3
Removed Pin From Net: NetName=PA0 Pin=SW19-2
Removed Pin From Net: NetName=PA0 Pin=SW19-3
Removed Pin From Net: NetName=PA0 Pin=SW20-2
Removed Pin From Net: NetName=PA0 Pin=SW20-3
Removed Pin From Net: NetName=PA0 Pin=SW21-2
Removed Pin From Net: NetName=PA0 Pin=SW21-3
Removed Pin From Net: NetName=PA0 Pin=U1-6
Removed Pin From Net: NetName=PA0 Pin=U1-7
Removed Pin From Net: NetName=PA0 Pin=U1-8
Removed Pin From Net: NetName=PA0 Pin=U1-9
Removed Pin From Net: NetName=PA0 Pin=U1-10
Added Component: Designator=C6(CN-SMD-0805)
Add component (AddParameter): Name = "Value"; Value = "33pF"; VariantName = "[No Variations]"
Added Component: Designator=C12(CN-SMD-0805)
Add component (AddParameter): Name = "Value"; Value = "33pF"; VariantName = "[No Variations]"
Added Component: Designator=C13(CAP-ALU-SMD-5.5x5.5)
Add component (AddParameter): Name = "LatestRevisionDate"; Value = "17-Jul-2002"; VariantName = "[No Variations]"
Add component (AddParameter): Name = "LatestRevisionNote"; Value = "Re-released for DXP Platform."; VariantName = "[No Variations]"
Add component (AddParameter): Name = "PackageReference"; Value = "POLAR0.8"; VariantName = "[No Variations]"
Add component (AddParameter): Name = "Published"; Value = "8-Jun-2000"; VariantName = "[No Variations]"
Add component (AddParameter): Name = "Publisher"; Value = "Altium Limited"; VariantName = "[No Variations]"
Added Component: Designator=C14(CAP-ALU-SMD-5.5x5.5)
Add component (AddParameter): Name = "LatestRevisionDate"; Value = "17-Jul-2002"; VariantName = "[No Variations]"
Add component (AddParameter): Name = "LatestRevisionNote"; Value = "Re-released for DXP Platform."; VariantName = "[No Variations]"
Add component (AddParameter): Name = "PackageReference"; Value = "POLAR0.8"; VariantName = "[No Variations]"
Add component (AddParameter): Name = "Published"; Value = "8-Jun-2000"; VariantName = "[No Variations]"
Add component (AddParameter): Name = "Publisher"; Value = "Altium Limited"; VariantName = "[No Variations]"
Added Pin To Net: NetName=+6 Pin=C6-1
Added Pin To Net: NetName=GND Pin=C6-2
Added Pin To Net: NetName=PA0 Pin=C12-1
Added Pin To Net: NetName=GND Pin=C12-2
Added Pin To Net: NetName=+6 Pin=C13-1
Added Pin To Net: NetName=GND Pin=C13-2
Added Pin To Net: NetName=PA0 Pin=C14-1
Added Pin To Net: NetName=GND Pin=C14-2
Change Net Name : Old Net Name=PA0 New Net Name=+3.3
Added Pin To Net: NetName=PA0 Pin=C7-1
Added Pin To Net: NetName=PA0 Pin=SW2-2
Added Pin To Net: NetName=PA0 Pin=SW7-2
Added Pin To Net: NetName=PA0 Pin=SW12-2
Added Pin To Net: NetName=PA0 Pin=SW17-2
Added Pin To Net: NetName=PA0 Pin=U1-6
Added Pin To Net: NetName=PA0 Pin=SW2-3
Added Pin To Net: NetName=PA0 Pin=SW7-3
Added Pin To Net: NetName=PA0 Pin=SW12-3
Added Pin To Net: NetName=PA0 Pin=SW17-3
Added Net: Name=PA0
Added Pin To Net: NetName=PA1 Pin=C8-1
Added Pin To Net: NetName=PA1 Pin=SW3-2
Added Pin To Net: NetName=PA1 Pin=SW8-2
Added Pin To Net: NetName=PA1 Pin=SW13-2
Added Pin To Net: NetName=PA1 Pin=SW18-2
Added Pin To Net: NetName=PA1 Pin=U1-7
Added Pin To Net: NetName=PA1 Pin=SW3-3
Added Pin To Net: NetName=PA1 Pin=SW8-3
Added Pin To Net: NetName=PA1 Pin=SW13-3
Added Pin To Net: NetName=PA1 Pin=SW18-3
Added Net: Name=PA1
Added Pin To Net: NetName=PA2 Pin=C9-1
Added Pin To Net: NetName=PA2 Pin=SW4-2
Added Pin To Net: NetName=PA2 Pin=SW9-2
Added Pin To Net: NetName=PA2 Pin=SW14-2
Added Pin To Net: NetName=PA2 Pin=SW19-2
Added Pin To Net: NetName=PA2 Pin=U1-8
Added Pin To Net: NetName=PA2 Pin=SW4-3
Added Pin To Net: NetName=PA2 Pin=SW9-3
Added Pin To Net: NetName=PA2 Pin=SW14-3
Added Pin To Net: NetName=PA2 Pin=SW19-3
Added Net: Name=PA2
Added Pin To Net: NetName=PA3 Pin=C10-1
Added Pin To Net: NetName=PA3 Pin=SW5-2
Added Pin To Net: NetName=PA3 Pin=SW10-2
Added Pin To Net: NetName=PA3 Pin=SW15-2
Added Pin To Net: NetName=PA3 Pin=SW20-2
Added Pin To Net: NetName=PA3 Pin=U1-9
Added Pin To Net: NetName=PA3 Pin=SW5-3
Added Pin To Net: NetName=PA3 Pin=SW10-3
Added Pin To Net: NetName=PA3 Pin=SW15-3
Added Pin To Net: NetName=PA3 Pin=SW20-3
Added Net: Name=PA3
Added Pin To Net: NetName=PA4 Pin=C11-1
Added Pin To Net: NetName=PA4 Pin=SW6-2
Added Pin To Net: NetName=PA4 Pin=SW11-2
Added Pin To Net: NetName=PA4 Pin=SW16-2
Added Pin To Net: NetName=PA4 Pin=SW21-2
Added Pin To Net: NetName=PA4 Pin=U1-10
Added Pin To Net: NetName=PA4 Pin=SW6-3
Added Pin To Net: NetName=PA4 Pin=SW11-3
Added Pin To Net: NetName=PA4 Pin=SW16-3
Added Pin To Net: NetName=PA4 Pin=SW21-3
Added Net: Name=PA4
Added Member To Class: ClassName=casio Member=Component C6 0.1u
Added Member To Class: ClassName=casio Member=Component C12 0.1u
Added Member To Class: ClassName=casio Member=Component C13 10u
Added Member To Class: ClassName=casio Member=Component C14 10u
Added Member To Class: ClassName=casio Member=Component R4 1k
Added Rule: Name=Schematic Supply Nets
